<?xml version="1.0" encoding="UTF-8"?>
<testsuite name="ru.stqa.pdt.adressbook.tests.GroupModificationTests" tests="1" skipped="0" failures="0" errors="0" timestamp="2017-07-30T11:59:30" hostname="Lena-TOSH" time="5.409">
  <properties/>
  <testcase name="testGroupModificationByIndex1" classname="ru.stqa.pdt.adressbook.tests.GroupModificationTests" time="5.409"/>
  <system-out><![CDATA[]]></system-out>
  <system-err><![CDATA[]]></system-err>
</testsuite>
