<?xml version="1.0" encoding="UTF-8"?>
<testsuite name="ru.stqa.pdt.adressbook.tests.GroupCreationTests" tests="4" skipped="0" failures="0" errors="0" timestamp="2017-07-30T11:59:04" hostname="Lena-TOSH" time="25.025">
  <properties/>
  <testcase name="testBadGroupCreation" classname="ru.stqa.pdt.adressbook.tests.GroupCreationTests" time="8.925"/>
  <testcase name="testGroupCreation[0](GroupData{id='2147483647', groupName='test 0'})" classname="ru.stqa.pdt.adressbook.tests.GroupCreationTests" time="5.046"/>
  <testcase name="testGroupCreation[1](GroupData{id='2147483647', groupName='test 1'})" classname="ru.stqa.pdt.adressbook.tests.GroupCreationTests" time="5.274"/>
  <testcase name="testGroupCreation[2](GroupData{id='2147483647', groupName='test 2'})" classname="ru.stqa.pdt.adressbook.tests.GroupCreationTests" time="5.765"/>
  <system-out><![CDATA[]]></system-out>
  <system-err><![CDATA[]]></system-err>
</testsuite>
