<?xml version="1.0" encoding="UTF-8"?>
<testsuite name="ru.stqa.pdt.adressbook.tests.GroupCreationTests" tests="4" skipped="0" failures="0" errors="0" timestamp="2017-07-30T10:51:00" hostname="Lena-TOSH" time="29.369">
  <properties/>
  <testcase name="testBadGroupCreation" classname="ru.stqa.pdt.adressbook.tests.GroupCreationTests" time="9.514"/>
  <testcase name="testGroupCreation[0](GroupData{id='2147483647', groupName='test 0'})" classname="ru.stqa.pdt.adressbook.tests.GroupCreationTests" time="6.073"/>
  <testcase name="testGroupCreation[1](GroupData{id='2147483647', groupName='test 1'})" classname="ru.stqa.pdt.adressbook.tests.GroupCreationTests" time="6.656"/>
  <testcase name="testGroupCreation[2](GroupData{id='2147483647', groupName='test 2'})" classname="ru.stqa.pdt.adressbook.tests.GroupCreationTests" time="7.103"/>
  <system-out><![CDATA[]]></system-out>
  <system-err><![CDATA[]]></system-err>
</testsuite>
