<?xml version="1.0" encoding="UTF-8"?>
<testsuite name="ru.stqa.pdt.adressbook.tests.ContactCreationTests" tests="1" skipped="1" failures="0" errors="0" timestamp="2017-07-30T10:51:41" hostname="Lena-TOSH" time="0.0">
  <properties/>
  <testcase name="testContactCreation" classname="ru.stqa.pdt.adressbook.tests.ContactCreationTests" time="0.0">
    <skipped/>
  </testcase>
  <system-out><![CDATA[]]></system-out>
  <system-err><![CDATA[]]></system-err>
</testsuite>
